app/build/outputs/logs/manifest-merger-debug-report.txt
-- Merging decision tree log ---
manifest
ADDED from src/main/AndroidManifest.xml:2:1-55:12
	xmlns:android
		ADDED from src/main/AndroidManifest.xml:2:11-69
	package
		ADDED from src/main/AndroidManifest.xml:3:5-42
		INJECTED from src/main/AndroidManifest.xml
		INJECTED from src/main/AndroidManifest.xml
	android:versionName
		INJECTED from src/main/AndroidManifest.xml
		INJECTED from src/main/AndroidManifest.xml
	android:versionCode
		INJECTED from src/main/AndroidManifest.xml
		INJECTED from src/main/AndroidManifest.xml
uses-permission#android.permission.INTERNET
ADDED from src/main/AndroidManifest.xml:5:5-67
	android:name
		ADDED from src/main/AndroidManifest.xml:5:22-64
uses-permission#android.permission.WAKE_LOCK
ADDED from src/main/AndroidManifest.xml:6:5-68
	android:name
		ADDED from src/main/AndroidManifest.xml:6:22-65
application
ADDED from src/main/AndroidManifest.xml:8:5-53:19
MERGED from [com.android.support:appcompat-v7:23.0.1] AndroidManifest.xml:22:5-20
MERGED from [com.android.support:support-v4:23.0.1] AndroidManifest.xml:22:5-20
	android:label
		ADDED from src/main/AndroidManifest.xml:11:9-41
	android:allowBackup
		ADDED from src/main/AndroidManifest.xml:9:9-35
	android:icon
		ADDED from src/main/AndroidManifest.xml:10:9-43
	android:theme
		ADDED from src/main/AndroidManifest.xml:12:9-40
activity#com.iha.group2.dronecontrol.InitActivity
ADDED from src/main/AndroidManifest.xml:13:9-23:20
	android:screenOrientation
		ADDED from src/main/AndroidManifest.xml:16:13-50
	android:label
		ADDED from src/main/AndroidManifest.xml:15:13-45
	android:name
		ADDED from src/main/AndroidManifest.xml:14:13-41
intent-filter#android.intent.action.MAIN+android.intent.category.LAUNCHER+broadcast
ADDED from src/main/AndroidManifest.xml:17:13-22:29
action#android.intent.action.MAIN
ADDED from src/main/AndroidManifest.xml:18:17-69
	android:name
		ADDED from src/main/AndroidManifest.xml:18:25-66
action#broadcast
ADDED from src/main/AndroidManifest.xml:19:17-52
	android:name
		ADDED from src/main/AndroidManifest.xml:19:25-49
category#android.intent.category.LAUNCHER
ADDED from src/main/AndroidManifest.xml:21:17-77
	android:name
		ADDED from src/main/AndroidManifest.xml:21:27-74
service#com.iha.group2.dronecontrol.UDPconnection
ADDED from src/main/AndroidManifest.xml:25:9-29:19
	android:exported
		ADDED from src/main/AndroidManifest.xml:28:13-36
	android:enabled
		ADDED from src/main/AndroidManifest.xml:27:13-35
	android:name
		ADDED from src/main/AndroidManifest.xml:26:13-42
activity#com.iha.group2.dronecontrol.DroneControl
ADDED from src/main/AndroidManifest.xml:31:9-35:20
	android:label
		ADDED from src/main/AndroidManifest.xml:33:13-65
	android:name
		ADDED from src/main/AndroidManifest.xml:32:13-41
provider#com.iha.group2.dronecontrol.SQL_IP_Data_Base
ADDED from src/main/AndroidManifest.xml:37:9-42:20
	android:exported
		ADDED from src/main/AndroidManifest.xml:41:13-36
	android:authorities
		ADDED from src/main/AndroidManifest.xml:39:13-67
	android:enabled
		ADDED from src/main/AndroidManifest.xml:40:13-35
	android:name
		ADDED from src/main/AndroidManifest.xml:38:13-45
uses-library#com.google.android.wearable
ADDED from src/main/AndroidManifest.xml:44:9-46:40
	android:required
		ADDED from src/main/AndroidManifest.xml:46:13-37
	android:name
		ADDED from src/main/AndroidManifest.xml:45:13-55
activity#com.iha.group2.dronecontrol.ListIPs
ADDED from src/main/AndroidManifest.xml:48:9-52:20
	android:label
		ADDED from src/main/AndroidManifest.xml:50:13-60
	android:theme
		ADDED from src/main/AndroidManifest.xml:51:13-69
	android:name
		ADDED from src/main/AndroidManifest.xml:49:13-36
uses-sdk
INJECTED from src/main/AndroidManifest.xml reason: use-sdk injection requested
MERGED from [com.android.support:appcompat-v7:23.0.1] AndroidManifest.xml:20:5-43
MERGED from [com.android.support:support-v4:23.0.1] AndroidManifest.xml:20:5-43
	android:targetSdkVersion
		INJECTED from src/main/AndroidManifest.xml
		INJECTED from src/main/AndroidManifest.xml
	android:minSdkVersion
		INJECTED from src/main/AndroidManifest.xml
		INJECTED from src/main/AndroidManifest.xml